Build started 7/20/2014 11:19:34 AM.
     1>Project "C:\Users\Sri\Documents\FluidSimulationDebugging\FluidSimulation\FluidSimulation.vcxproj" on node 2 (build target(s)).
     1>InitializeBuildStatus:
         Creating "Debug\FluidSimulation.unsuccessfulbuild" because "AlwaysCreate" was specified.
       ClCompile:
         d:\Program Files (x86)\Microsoft Visual Studio 10.0\VC\bin\CL.exe /c /IC:\Users\Sri\Documents\FluidSimulation\freeglut\include /I"C:\Users\Sri\Documents\FluidSimulation\glew-1.7.0\include" /Zi /nologo /W3 /WX- /Od /Oy- /D _MBCS /Gm /EHsc /RTC1 /MDd /GS /fp:precise /Zc:wchar_t /Zc:forScope /Fo"Debug\\" /Fd"Debug\vc100.pdb" /Gd /TP /analyze- /errorReport:prompt CreateProgram.cpp Implementation.cpp FluidMain.cpp Operations.cpp
         Operations.cpp
         FluidMain.cpp
         Implementation.cpp
         CreateProgram.cpp
         Generating Code...
       Link:
         d:\Program Files (x86)\Microsoft Visual Studio 10.0\VC\bin\link.exe /ERRORREPORT:PROMPT /OUT:"C:\Users\Sri\Documents\FluidSimulationDebugging\Debug\FluidSimulation.exe" /NOLOGO /LIBPATH:C:\Users\Sri\Documents\FluidSimulation\freeglut\lib /LIBPATH:"C:\Users\Sri\Documents\FluidSimulation\glew-1.7.0\lib" glew32.lib freeglut.lib kernel32.lib user32.lib gdi32.lib winspool.lib comdlg32.lib advapi32.lib shell32.lib ole32.lib oleaut32.lib uuid.lib odbc32.lib odbccp32.lib /MANIFEST /ManifestFile:"Debug\FluidSimulation.exe.intermediate.manifest" /MANIFESTUAC:"level='asInvoker' uiAccess='false'" /DEBUG /PDB:"C:\Users\Sri\Documents\FluidSimulationDebugging\Debug\FluidSimulation.pdb" /SUBSYSTEM:CONSOLE /TLBID:1 /DYNAMICBASE /NXCOMPAT /IMPLIB:"C:\Users\Sri\Documents\FluidSimulationDebugging\Debug\FluidSimulation.lib" /MACHINE:X86 Debug\CreateProgram.obj
         Debug\Implementation.obj
         Debug\FluidMain.obj
         Debug\Operations.obj
         FluidSimulation.vcxproj -> C:\Users\Sri\Documents\FluidSimulationDebugging\Debug\FluidSimulation.exe
       Manifest:
         C:\Program Files (x86)\Microsoft SDKs\Windows\v7.0A\bin\mt.exe /nologo /verbose /outputresource:"C:\Users\Sri\Documents\FluidSimulationDebugging\Debug\FluidSimulation.exe;#1" /manifest Debug\FluidSimulation.exe.intermediate.manifest
       FinalizeBuildStatus:
         Deleting file "Debug\FluidSimulation.unsuccessfulbuild".
         Touching "Debug\FluidSimulation.lastbuildstate".
     1>Done Building Project "C:\Users\Sri\Documents\FluidSimulationDebugging\FluidSimulation\FluidSimulation.vcxproj" (build target(s)).

Build succeeded.

Time Elapsed 00:00:03.36
