C:\USERS\SRI\DOCUMENTS\FLUIDSIMULATION\DEBUG\FLUIDSIMULATION.EXE
C:\USERS\SRI\DOCUMENTS\FLUIDSIMULATION\DEBUG\FLUIDSIMULATION.ILK
C:\USERS\SRI\DOCUMENTS\FLUIDSIMULATION\DEBUG\FLUIDSIMULATION.PDB
C:\USERS\SRI\DOCUMENTS\FLUIDSIMULATION\FLUIDSIMULATION\DEBUG\CALCULATE.OBJ
C:\Users\Sri\Documents\FluidSimulation\FluidSimulation\Debug\cl.command.1.tlog
C:\Users\Sri\Documents\FluidSimulation\FluidSimulation\Debug\CL.read.1.tlog
C:\Users\Sri\Documents\FluidSimulation\FluidSimulation\Debug\CL.write.1.tlog
C:\USERS\SRI\DOCUMENTS\FLUIDSIMULATION\FLUIDSIMULATION\DEBUG\CREATEPROGRAM.OBJ
C:\USERS\SRI\DOCUMENTS\FLUIDSIMULATION\FLUIDSIMULATION\DEBUG\DISPLAY.OBJ
C:\USERS\SRI\DOCUMENTS\FLUIDSIMULATION\FLUIDSIMULATION\DEBUG\FLUIDMAIN.OBJ
C:\USERS\SRI\DOCUMENTS\FLUIDSIMULATION\FLUIDSIMULATION\DEBUG\FLUIDSIMULATION.EXE.INTERMEDIATE.MANIFEST
C:\Users\Sri\Documents\FluidSimulation\FluidSimulation\Debug\FluidSimulation.write.1.tlog
C:\USERS\SRI\DOCUMENTS\FLUIDSIMULATION\FLUIDSIMULATION\DEBUG\INTIALIZE.OBJ
C:\Users\Sri\Documents\FluidSimulation\FluidSimulation\Debug\link.command.1.tlog
C:\Users\Sri\Documents\FluidSimulation\FluidSimulation\Debug\link.read.1.tlog
C:\Users\Sri\Documents\FluidSimulation\FluidSimulation\Debug\link.write.1.tlog
C:\Users\Sri\Documents\FluidSimulation\FluidSimulation\Debug\mt.command.1.tlog
C:\Users\Sri\Documents\FluidSimulation\FluidSimulation\Debug\mt.read.1.tlog
C:\Users\Sri\Documents\FluidSimulation\FluidSimulation\Debug\mt.write.1.tlog
C:\USERS\SRI\DOCUMENTS\FLUIDSIMULATION\FLUIDSIMULATION\DEBUG\OPERATIONS.OBJ
C:\Users\Sri\Documents\FluidSimulation\FluidSimulation\Debug\vc100.idb
C:\USERS\SRI\DOCUMENTS\FLUIDSIMULATION\FLUIDSIMULATION\DEBUG\VC100.PDB
