C:\USERS\SRI\DOCUMENTS\FLUIDSIMULATION(DEBUGGING)\DEBUG\FLUIDSIMULATION.EXE
C:\USERS\SRI\DOCUMENTS\FLUIDSIMULATION(DEBUGGING)\DEBUG\FLUIDSIMULATION.ILK
C:\USERS\SRI\DOCUMENTS\FLUIDSIMULATION(DEBUGGING)\DEBUG\FLUIDSIMULATION.PDB
C:\Users\Sri\Documents\FluidSimulation(Debugging)\FluidSimulation\Debug\cl.command.1.tlog
C:\Users\Sri\Documents\FluidSimulation(Debugging)\FluidSimulation\Debug\CL.read.1.tlog
C:\Users\Sri\Documents\FluidSimulation(Debugging)\FluidSimulation\Debug\CL.write.1.tlog
C:\USERS\SRI\DOCUMENTS\FLUIDSIMULATION(DEBUGGING)\FLUIDSIMULATION\DEBUG\CREATEPROGRAM.OBJ
C:\USERS\SRI\DOCUMENTS\FLUIDSIMULATION(DEBUGGING)\FLUIDSIMULATION\DEBUG\FLUIDMAIN.OBJ
C:\USERS\SRI\DOCUMENTS\FLUIDSIMULATION(DEBUGGING)\FLUIDSIMULATION\DEBUG\FLUIDSIMULATION.EXE.INTERMEDIATE.MANIFEST
C:\Users\Sri\Documents\FluidSimulation(Debugging)\FluidSimulation\Debug\FluidSimulation.vcxprojResolveAssemblyReference.cache
C:\Users\Sri\Documents\FluidSimulation(Debugging)\FluidSimulation\Debug\FluidSimulation.write.1.tlog
C:\USERS\SRI\DOCUMENTS\FLUIDSIMULATION(DEBUGGING)\FLUIDSIMULATION\DEBUG\IMPLEMENTATION.OBJ
C:\Users\Sri\Documents\FluidSimulation(Debugging)\FluidSimulation\Debug\link.command.1.tlog
C:\Users\Sri\Documents\FluidSimulation(Debugging)\FluidSimulation\Debug\link.read.1.tlog
C:\Users\Sri\Documents\FluidSimulation(Debugging)\FluidSimulation\Debug\link.write.1.tlog
C:\Users\Sri\Documents\FluidSimulation(Debugging)\FluidSimulation\Debug\mt.command.1.tlog
C:\Users\Sri\Documents\FluidSimulation(Debugging)\FluidSimulation\Debug\mt.read.1.tlog
C:\Users\Sri\Documents\FluidSimulation(Debugging)\FluidSimulation\Debug\mt.write.1.tlog
C:\USERS\SRI\DOCUMENTS\FLUIDSIMULATION(DEBUGGING)\FLUIDSIMULATION\DEBUG\OPERATIONS.OBJ
C:\Users\Sri\Documents\FluidSimulation(Debugging)\FluidSimulation\Debug\vc100.idb
C:\USERS\SRI\DOCUMENTS\FLUIDSIMULATION(DEBUGGING)\FLUIDSIMULATION\DEBUG\VC100.PDB
